<?xml version="1.0" encoding="UTF-8"?>
<!-- Generated by org.testng.reporters.JUnitXMLReporter -->
<testsuite ignored="2" hostname="DESKTOP-0D82I2L" failures="0" tests="6" name="TestRunner-Firefox" time="216.687" errors="0" timestamp="2024-05-04T15:47:50 IST">
  <testcase classname="com.comcast.crm.contacttest.CreateContactTest" name="createContactTest" time="19.041"/>
  <testcase classname="com.comcast.crm.contacttest.CreateContactTest" name="createContactWithOrg" time="35.711"/>
  <testcase classname="com.comcast.crm.contacttest.CreateContactTest" name="createContactWithSupportDateTest" time="18.162"/>
  <testcase classname="com.comcast.crm.orgtest.CreateOrgTestCase1And3" name="createOrgTestCase1And3" time="18.195"/>
  <testcase classname="com.comcast.crm.orgtest.CreateOrgTestCase1And3" name="createOrgWithIndusAndTypeTC2" time="22.688"/>
  <testcase classname="com.comcast.crm.orgtest.CreateOrgTestCase1And3" name="deleteOrgTest" time="29.244"/>
  <testcase classname="com.comcast.crm.basetest.BaseClass" name="@AfterSuite configAterSuite" time="0.0">
    <ignored/>
  </testcase> <!-- @AfterSuite configAterSuite -->
  <testcase classname="com.comcast.crm.basetest.BaseClass" name="@BeforeSuite congigBSuite" time="0.0">
    <ignored/>
  </testcase> <!-- @BeforeSuite congigBSuite -->
</testsuite> <!-- TestRunner-Firefox -->
