<?xml version="1.0" encoding="UTF-8"?>
<!-- Generated by org.testng.reporters.JUnitXMLReporter -->
<testsuite ignored="2" hostname="DESKTOP-0D82I2L" failures="0" tests="1" name="Test" time="50.471" errors="0" timestamp="2024-05-10T14:18:05 IST">
  <testcase classname="com.comcast.crm.orgtest.CreateOrgTestCase1And3" name="createOrgTestCase1And3" time="36.487"/>
  <testcase classname="com.comcast.crm.orgtest.CreateOrgTestCase1And3" name="deleteOrgTest" time="0.0">
    <ignored/>
  </testcase> <!-- deleteOrgTest -->
  <testcase classname="com.comcast.crm.orgtest.CreateOrgTestCase1And3" name="createOrgWithIndusAndTypeTC2" time="0.0">
    <ignored/>
  </testcase> <!-- createOrgWithIndusAndTypeTC2 -->
</testsuite> <!-- Test -->
