<?xml version="1.0" encoding="UTF-8"?>
<!-- Generated by org.testng.reporters.JUnitXMLReporter -->
<testsuite ignored="2" hostname="DESKTOP-0D82I2L" failures="0" tests="6" name="TestRunner-Chrome" time="229.124" errors="0" timestamp="2024-05-04T15:48:02 IST">
  <testcase classname="com.comcast.crm.contacttest.CreateContactTest" name="createContactTest" time="20.384"/>
  <testcase classname="com.comcast.crm.contacttest.CreateContactTest" name="createContactWithOrg" time="42.102"/>
  <testcase classname="com.comcast.crm.contacttest.CreateContactTest" name="createContactWithSupportDateTest" time="19.797"/>
  <testcase classname="com.comcast.crm.orgtest.CreateOrgTestCase1And3" name="createOrgTestCase1And3" time="17.165"/>
  <testcase classname="com.comcast.crm.orgtest.CreateOrgTestCase1And3" name="createOrgWithIndusAndTypeTC2" time="22.448"/>
  <testcase classname="com.comcast.crm.orgtest.CreateOrgTestCase1And3" name="deleteOrgTest" time="26.836"/>
  <testcase classname="com.comcast.crm.basetest.BaseClass" name="@AfterSuite configAterSuite" time="0.0">
    <ignored/>
  </testcase> <!-- @AfterSuite configAterSuite -->
  <testcase classname="com.comcast.crm.basetest.BaseClass" name="@BeforeSuite congigBSuite" time="0.0">
    <ignored/>
  </testcase> <!-- @BeforeSuite congigBSuite -->
</testsuite> <!-- TestRunner-Chrome -->
